[2024-03-27 20:32:07] local.INFO: RDS/RDS000000/cmd  
[2024-03-27 20:32:07] local.INFO: RDS000000U  
[2024-03-27 20:32:07] local.DEBUG: MQTT [{host}:{port}] [{clientId}] Connecting to broker. {"host":"broker.emqx.io","port":1883,"clientId":"145965ca5b66e0045f90"} 
[2024-03-27 20:32:08] local.DEBUG: MQTT [{host}:{port}] [{clientId}] Socket opened and ready to use. {"host":"broker.emqx.io","port":1883,"clientId":"145965ca5b66e0045f90"} 
[2024-03-27 20:32:08] local.DEBUG: MQTT [{host}:{port}] [{clientId}] Using the [clean session] flag for the connection. {"host":"broker.emqx.io","port":1883,"clientId":"145965ca5b66e0045f90"} 
[2024-03-27 20:32:08] local.DEBUG: MQTT [{host}:{port}] [{clientId}] Sending connection handshake to broker. {"host":"broker.emqx.io","port":1883,"clientId":"145965ca5b66e0045f90"} 
[2024-03-27 20:32:08] local.DEBUG: MQTT [{host}:{port}] [{clientId}] Sent data over the socket: {data} {"host":"broker.emqx.io","port":1883,"clientId":"145965ca5b66e0045f90","data":"\u0010\"\u0000\u0006MQIsdp\u0003\u0002\u0000
\u0000\u0014145965ca5b66e0045f90"} 
[2024-03-27 20:32:08] local.DEBUG: MQTT [{host}:{port}] [{clientId}] Waiting for {bytes} bytes of data. {"host":"broker.emqx.io","port":1883,"clientId":"145965ca5b66e0045f90","bytes":1} 
[2024-03-27 20:32:08] local.DEBUG: MQTT [{host}:{port}] [{clientId}] Read data from the socket: {data} {"host":"broker.emqx.io","port":1883,"clientId":"145965ca5b66e0045f90","data":" "} 
[2024-03-27 20:32:08] local.DEBUG: MQTT [{host}:{port}] [{clientId}] Read data from the socket (without blocking): {data} {"host":"broker.emqx.io","port":1883,"clientId":"145965ca5b66e0045f90","data":"\u0002\u0000\u0000"} 
[2024-03-27 20:32:08] local.INFO: MQTT [{host}:{port}] [{clientId}] Connection with broker established successfully. {"host":"broker.emqx.io","port":1883,"clientId":"145965ca5b66e0045f90","errorCode":"0x00"} 
[2024-03-27 20:32:08] local.DEBUG: MQTT [{host}:{port}] [{clientId}] Publishing a message on topic [{topic}]: {message} {"host":"broker.emqx.io","port":1883,"clientId":"145965ca5b66e0045f90","topic":"RDS/RDS000000/cmd","message":"RDS000000U","qos":0,"retain":false,"messageId":null,"isDuplicate":false} 
[2024-03-27 20:32:08] local.DEBUG: MQTT [{host}:{port}] [{clientId}] Sent data over the socket: {data} {"host":"broker.emqx.io","port":1883,"clientId":"145965ca5b66e0045f90","data":"0\u001d\u0000\u0011RDS/RDS000000/cmdRDS000000U"} 
[2024-03-27 20:34:15] local.INFO: POST /api/send-command - {"box_id":7,"pass_code":null,"command":"unlock"}  
[2024-03-27 20:34:15] local.DEBUG: MQTT [{host}:{port}] [{clientId}] Connecting to broker. {"host":"broker.emqx.io","port":1883,"clientId":"5bd9c5090ddd19e66a4e"} 
[2024-03-27 20:34:15] local.DEBUG: MQTT [{host}:{port}] [{clientId}] Socket opened and ready to use. {"host":"broker.emqx.io","port":1883,"clientId":"5bd9c5090ddd19e66a4e"} 
[2024-03-27 20:34:15] local.DEBUG: MQTT [{host}:{port}] [{clientId}] Using the [clean session] flag for the connection. {"host":"broker.emqx.io","port":1883,"clientId":"5bd9c5090ddd19e66a4e"} 
[2024-03-27 20:34:15] local.DEBUG: MQTT [{host}:{port}] [{clientId}] Sending connection handshake to broker. {"host":"broker.emqx.io","port":1883,"clientId":"5bd9c5090ddd19e66a4e"} 
[2024-03-27 20:34:15] local.DEBUG: MQTT [{host}:{port}] [{clientId}] Sent data over the socket: {data} {"host":"broker.emqx.io","port":1883,"clientId":"5bd9c5090ddd19e66a4e","data":"\u0010\"\u0000\u0006MQIsdp\u0003\u0002\u0000
\u0000\u00145bd9c5090ddd19e66a4e"} 
[2024-03-27 20:34:15] local.DEBUG: MQTT [{host}:{port}] [{clientId}] Waiting for {bytes} bytes of data. {"host":"broker.emqx.io","port":1883,"clientId":"5bd9c5090ddd19e66a4e","bytes":1} 
[2024-03-27 20:34:16] local.DEBUG: MQTT [{host}:{port}] [{clientId}] Read data from the socket: {data} {"host":"broker.emqx.io","port":1883,"clientId":"5bd9c5090ddd19e66a4e","data":" "} 
[2024-03-27 20:34:16] local.DEBUG: MQTT [{host}:{port}] [{clientId}] Read data from the socket (without blocking): {data} {"host":"broker.emqx.io","port":1883,"clientId":"5bd9c5090ddd19e66a4e","data":"\u0002\u0000\u0000"} 
[2024-03-27 20:34:16] local.INFO: MQTT [{host}:{port}] [{clientId}] Connection with broker established successfully. {"host":"broker.emqx.io","port":1883,"clientId":"5bd9c5090ddd19e66a4e","errorCode":"0x00"} 
[2024-03-27 20:34:16] local.DEBUG: MQTT [{host}:{port}] [{clientId}] Publishing a message on topic [{topic}]: {message} {"host":"broker.emqx.io","port":1883,"clientId":"5bd9c5090ddd19e66a4e","topic":"RDS/RDS000000/cmd","message":"RDS000000U","qos":0,"retain":false,"messageId":null,"isDuplicate":false} 
[2024-03-27 20:34:16] local.DEBUG: MQTT [{host}:{port}] [{clientId}] Sent data over the socket: {data} {"host":"broker.emqx.io","port":1883,"clientId":"5bd9c5090ddd19e66a4e","data":"0\u001d\u0000\u0011RDS/RDS000000/cmdRDS000000U"} 
